<?xml version="1.0" encoding="UTF-8"?>
<!-- Generated by org.testng.reporters.JUnitXMLReporter -->
<testsuite hostname="DESKTOP-RUVD9SS" ignored="0" name="Default test" tests="4" failures="0" timestamp="2022-01-24T23:52:59 CST" time="4.246" errors="0">
  <testcase name="beforeRun" time="3.076" classname="steps.ScenarioStepsDefination"/>
  <testcase name="set_SkyBlue_Background_button_exists" time="0.097" classname="steps.ScenarioStepsDefination"/>
  <testcase name="user_click_on_the_button" time="0.054" classname="steps.ScenarioStepsDefination"/>
  <testcase name="user_Should_able_to_change_background_color_will_change_to_sky_blue" time="0.986" classname="steps.ScenarioStepsDefination"/>
</testsuite> <!-- Default test -->
